[INFO] [launch]: All log files can be found below /root/.ros/log/2025-06-09-06-59-19-399093-8f2d511d1526-77
[INFO] [launch]: Default logging verbosity is set to INFO
urdf_file_name : turtlebot3_burger.urdf
urdf_file_name : turtlebot3_burger.urdf
[INFO] [gzserver-1]: process started with pid [78]
[INFO] [gzclient-2]: process started with pid [80]
[INFO] [robot_state_publisher-3]: process started with pid [82]
[INFO] [spawn_entity.py-4]: process started with pid [84]
[robot_state_publisher-3] [INFO] [1749452366.377874625] [robot_state_publisher]: got segment base_footprint
[robot_state_publisher-3] [INFO] [1749452366.378166125] [robot_state_publisher]: got segment base_link
[robot_state_publisher-3] [INFO] [1749452366.378207825] [robot_state_publisher]: got segment base_scan
[robot_state_publisher-3] [INFO] [1749452366.378265225] [robot_state_publisher]: got segment caster_back_link
[robot_state_publisher-3] [INFO] [1749452366.378298225] [robot_state_publisher]: got segment imu_link
[robot_state_publisher-3] [INFO] [1749452366.378319625] [robot_state_publisher]: got segment wheel_left_link
[robot_state_publisher-3] [INFO] [1749452366.378339325] [robot_state_publisher]: got segment wheel_right_link
[spawn_entity.py-4] [INFO] [1749452367.467929814] [spawn_entity]: Spawn Entity started
[spawn_entity.py-4] [INFO] [1749452367.468660113] [spawn_entity]: Loading entity XML from file /root/turtlebot3_ws/install/turtlebot3_gazebo/share/turtlebot3_gazebo/models/turtlebot3_burger/model.sdf
[spawn_entity.py-4] [INFO] [1749452367.470614013] [spawn_entity]: Waiting for service /spawn_entity, timeout = 30
[spawn_entity.py-4] [INFO] [1749452367.471327613] [spawn_entity]: Waiting for service /spawn_entity
[gzserver-1] ALSA lib confmisc.c:855:(parse_card) cannot find card '0'
[gzserver-1] ALSA lib conf.c:5178:(_snd_config_evaluate) function snd_func_card_inum returned error: No such file or directory
[gzserver-1] ALSA lib confmisc.c:422:(snd_func_concat) error evaluating strings
[gzserver-1] ALSA lib conf.c:5178:(_snd_config_evaluate) function snd_func_concat returned error: No such file or directory
[gzserver-1] ALSA lib confmisc.c:1334:(snd_func_refer) error evaluating name
[gzserver-1] ALSA lib conf.c:5178:(_snd_config_evaluate) function snd_func_refer returned error: No such file or directory
[gzserver-1] ALSA lib conf.c:5701:(snd_config_expand) Evaluate error: No such file or directory
[gzserver-1] ALSA lib pcm.c:2664:(snd_pcm_open_noupdate) Unknown PCM default
[gzserver-1] AL lib: (EE) ALCplaybackAlsa_open: Could not open playback device 'default': No such file or directory
[spawn_entity.py-4] [INFO] [1749452368.236190767] [spawn_entity]: Calling service /spawn_entity
[gzserver-1] [INFO] [1749452368.526095212] [turtlebot3_imu]: <initial_orientation_as_reference> is unset, using default value of false to comply with REP 145 (world as orientation reference)
[spawn_entity.py-4] [INFO] [1749452368.714195776] [spawn_entity]: Spawn status: SpawnEntity: Successfully spawned entity [burger]
[gzserver-1] [INFO] [1749452368.901973240] [turtlebot3_diff_drive]: Wheel pair 1 separation set to [0.160000m]
[gzserver-1] [INFO] [1749452368.902163040] [turtlebot3_diff_drive]: Wheel pair 1 diameter set to [0.066000m]
[gzserver-1] [INFO] [1749452368.907290139] [turtlebot3_diff_drive]: Subscribed to [/cmd_vel]
[INFO] [spawn_entity.py-4]: process has finished cleanly [pid 84]
[gzserver-1] [INFO] [1749452368.921768737] [turtlebot3_diff_drive]: Advertise odometry on [/odom]
[gzserver-1] [INFO] [1749452368.931223435] [turtlebot3_diff_drive]: Publishing odom transforms between [odom] and [base_footprint]
[gzserver-1] [INFO] [1749452368.962996129] [turtlebot3_joint_state]: Going to publish joint [wheel_left_joint]
[gzserver-1] [INFO] [1749452368.963181329] [turtlebot3_joint_state]: Going to publish joint [wheel_right_joint]
requester: making request: gazebo_msgs.srv.DeleteEntity_Request(name='burger')

response:
gazebo_msgs.srv.DeleteEntity_Response(success=True, status_message='Successfully deleted entity [burger]')

[INFO] [1749452446.005066332] [spawn_entity]: Spawn Entity started
[INFO] [1749452446.017666331] [spawn_entity]: Loading entity XML from file /root/turtlebot3_ws/install/turtlebot3_gazebo/share/turtlebot3_gazebo/models/turtlebot3_burger/model.sdf
[INFO] [1749452446.033236930] [spawn_entity]: Waiting for service /spawn_entity, timeout = 30
[INFO] [1749452446.035629730] [spawn_entity]: Waiting for service /spawn_entity
[INFO] [1749452446.080208226] [spawn_entity]: Calling service /spawn_entity
[gzserver-1] [INFO] [1749452446.941999549] [turtlebot3_imu]: <initial_orientation_as_reference> is unset, using default value of false to comply with REP 145 (world as orientation reference)
[INFO] [1749452447.534154897] [spawn_entity]: Spawn status: SpawnEntity: Successfully spawned entity [burger]
[gzserver-1] [INFO] [1749452447.732559680] [turtlebot3_diff_drive]: Wheel pair 1 separation set to [0.160000m]
[gzserver-1] [INFO] [1749452447.732824380] [turtlebot3_diff_drive]: Wheel pair 1 diameter set to [0.066000m]
[gzserver-1] [INFO] [1749452447.737413980] [turtlebot3_diff_drive]: Subscribed to [/cmd_vel]
[gzserver-1] [INFO] [1749452447.741642779] [turtlebot3_diff_drive]: Advertise odometry on [/odom]
[gzserver-1] [INFO] [1749452447.761305677] [turtlebot3_diff_drive]: Publishing odom transforms between [odom] and [base_footprint]
[gzserver-1] [INFO] [1749452447.876377467] [turtlebot3_joint_state]: Going to publish joint [wheel_left_joint]
[gzserver-1] [INFO] [1749452447.876527167] [turtlebot3_joint_state]: Going to publish joint [wheel_right_joint]
waiting for service to become available...
requester: making request: gazebo_msgs.srv.DeleteEntity_Request(name='burger')

response:
gazebo_msgs.srv.DeleteEntity_Response(success=True, status_message='Successfully deleted entity [burger]')

