header:
  stamp:
    sec: 94
    nanosec: 423000000
  frame_id: imu_link
orientation:
  x: -0.05936557165516475
  y: 0.30426919273107006
  z: 0.0526745463045736
  w: 0.9492741329186452
orientation_covariance:
- 0.0
- 0.0
- 0.0
- 0.0
- 0.0
- 0.0
- 0.0
- 0.0
- 0.0
angular_velocity:
  x: 4.663964230573238
  y: 0.7678357258341788
  z: -6.591249016688404
angular_velocity_covariance:
- 4.0e-08
- 0.0
- 0.0
- 0.0
- 4.0e-08
- 0.0
- 0.0
- 0.0
- 4.0e-08
linear_acceleration:
  x: -4.374492378112609
  y: 3.6848560571315385
  z: 9.353248141141428
linear_acceleration_covariance:
- 0.00028900000000000003
- 0.0
- 0.0
- 0.0
- 0.00028900000000000003
- 0.0
- 0.0
- 0.0
- 0.00028900000000000003
---
