header:
  stamp:
    sec: 95
    nanosec: 971000000
  frame_id: odom
child_frame_id: base_footprint
pose:
  pose:
    position:
      x: -4.748029671655471
      y: 1.5730055108547645
      z: 0.03963474796836002
    orientation:
      x: -0.12477906702022326
      y: 0.3686395707361913
      z: 0.05215543818641459
      w: 0.9196819350126337
  covariance:
  - 1.0e-05
  - 0.0
  - 0.0
  - 0.0
  - 0.0
  - 0.0
  - 0.0
  - 1.0e-05
  - 0.0
  - 0.0
  - 0.0
  - 0.0
  - 0.0
  - 0.0
  - 1000000000000.0
  - 0.0
  - 0.0
  - 0.0
  - 0.0
  - 0.0
  - 0.0
  - 1000000000000.0
  - 0.0
  - 0.0
  - 0.0
  - 0.0
  - 0.0
  - 0.0
  - 1000000000000.0
  - 0.0
  - 0.0
  - 0.0
  - 0.0
  - 0.0
  - 0.0
  - 0.001
twist:
  twist:
    linear:
      x: -0.542658661534732
      y: 0.11945933758084545
      z: 0.0
    angular:
      x: 0.0
      y: 0.0
      z: -8.081291651219049
  covariance:
  - 1.0e-05
  - 0.0
  - 0.0
  - 0.0
  - 0.0
  - 0.0
  - 0.0
  - 1.0e-05
  - 0.0
  - 0.0
  - 0.0
  - 0.0
  - 0.0
  - 0.0
  - 1000000000000.0
  - 0.0
  - 0.0
  - 0.0
  - 0.0
  - 0.0
  - 0.0
  - 1000000000000.0
  - 0.0
  - 0.0
  - 0.0
  - 0.0
  - 0.0
  - 0.0
  - 1000000000000.0
  - 0.0
  - 0.0
  - 0.0
  - 0.0
  - 0.0
  - 0.0
  - 0.001
---
