header:
  stamp:
    sec: 97
    nanosec: 817000000
  frame_id: base_scan
angle_min: 0.0
angle_max: 6.28000020980835
angle_increment: 0.01749303564429283
time_increment: 0.0
scan_time: 0.0
range_min: 0.11999999731779099
range_max: 3.5
ranges:
- 0.21730874478816986
- 0.2268180549144745
- 0.22868022322654724
- 0.22876764833927155
- 0.21506763994693756
- 0.23184560239315033
- 0.22199882566928864
- 0.21181634068489075
- 0.19014771282672882
- 0.2446288913488388
- 0.2227296531200409
- 0.21011678874492645
- 0.22334124147891998
- 0.19612358510494232
- 0.21621091663837433
- 0.20535868406295776
- 0.20877322554588318
- 0.1936798244714737
- 0.2012738287448883
- 0.22030852735042572
- 0.21704797446727753
- 0.21197761595249176
- 0.20032919943332672
- 0.22628802061080933
- 0.19490289688110352
- 0.21706832945346832
- 0.2077115923166275
- 0.22007861733436584
- 0.2138875424861908
- 0.22000053524971008
- 0.20638978481292725
- 0.2104574292898178
- 0.19694074988365173
- 0.20616154372692108
- 0.21749182045459747
- 0.2078857421875
- 0.21405580639839172
- 0.2102685123682022
- 0.21582527458667755
- 0.20885221660137177
- 0.211074560880661
- 0.2134357988834381
- 0.2217075526714325
- 0.22015008330345154
- 0.2426064908504486
- 0.23155824840068817
- 0.22499655187129974
- 0.22511126101016998
- 0.242042675614357
- 0.21474313735961914
- 0.23812712728977203
- 0.2245999425649643
- 0.239815816283226
- 0.24091830849647522
- 0.2226806879043579
- 0.2325543463230133
- 0.23506177961826324
- 0.25034478306770325
- 0.24031297862529755
- 0.254930317401886
- 0.26022574305534363
- 0.2787427008152008
- 0.24821767210960388
- 0.28286662697792053
- 0.28242000937461853
- 0.27139654755592346
- 0.2675340175628662
- 0.2765931189060211
- 0.27728143334388733
- 0.30890172719955444
- 0.2932708263397217
- 0.3253921568393707
- 0.30773651599884033
- 0.2992684543132782
- 0.3199523091316223
- 0.3171802759170532
- 0.32794731855392456
- 0.34110692143440247
- 0.3523184061050415
- 0.37211015820503235
- 0.36785170435905457
- 0.3791769742965698
- 0.3843708634376526
- 0.40157607197761536
- 0.415672242641449
- 0.41029244661331177
- 0.4167836904525757
- 0.4406171441078186
- 0.45220527052879333
- 0.4938315749168396
- 0.5062002539634705
- 0.5260723233222961
- 0.5585679411888123
- 0.5640220046043396
- 0.6054348349571228
- 0.618962287902832
- 0.6603589653968811
- 0.7037256360054016
- 0.740361750125885
- 0.7866648435592651
- 0.8431436419487
- 0.9092380404472351
- 0.9708031415939331
- 1.06659996509552
- 1.162982702255249
- 1.2832273244857788
- 1.4253493547439575
- 1.6089142560958862
- 1.872800350189209
- 2.226644515991211
- 2.7458138465881348
- .inf
- .inf
- .inf
- .inf
- .inf
- .inf
- .inf
- .inf
- .inf
- .inf
- .inf
- .inf
- .inf
- .inf
- .inf
- .inf
- .inf
- '...'
intensities:
- 0.0
- 0.0
- 0.0
- 0.0
- 0.0
- 0.0
- 0.0
- 0.0
- 0.0
- 0.0
- 0.0
- 0.0
- 0.0
- 0.0
- 0.0
- 0.0
- 0.0
- 0.0
- 0.0
- 0.0
- 0.0
- 0.0
- 0.0
- 0.0
- 0.0
- 0.0
- 0.0
- 0.0
- 0.0
- 0.0
- 0.0
- 0.0
- 0.0
- 0.0
- 0.0
- 0.0
- 0.0
- 0.0
- 0.0
- 0.0
- 0.0
- 0.0
- 0.0
- 0.0
- 0.0
- 0.0
- 0.0
- 0.0
- 0.0
- 0.0
- 0.0
- 0.0
- 0.0
- 0.0
- 0.0
- 0.0
- 0.0
- 0.0
- 0.0
- 0.0
- 0.0
- 0.0
- 0.0
- 0.0
- 0.0
- 0.0
- 0.0
- 0.0
- 0.0
- 0.0
- 0.0
- 0.0
- 0.0
- 0.0
- 0.0
- 0.0
- 0.0
- 0.0
- 0.0
- 0.0
- 0.0
- 0.0
- 0.0
- 0.0
- 0.0
- 0.0
- 0.0
- 0.0
- 0.0
- 0.0
- 0.0
- 0.0
- 0.0
- 0.0
- 0.0
- 0.0
- 0.0
- 0.0
- 0.0
- 0.0
- 0.0
- 0.0
- 0.0
- 0.0
- 0.0
- 0.0
- 0.0
- 0.0
- 0.0
- 0.0
- 0.0
- 0.0
- 0.0
- 0.0
- 0.0
- 0.0
- 0.0
- 0.0
- 0.0
- 0.0
- 0.0
- 0.0
- 0.0
- 0.0
- 0.0
- 0.0
- 0.0
- 0.0
- '...'
---
