header:
  stamp:
    sec: 106
    nanosec: 262000000
  frame_id: imu_link
orientation:
  x: 0.3705008098302327
  y: 0.08003025087247102
  z: -0.925377347791505
  w: 0.0010358835798265434
orientation_covariance:
- 0.0
- 0.0
- 0.0
- 0.0
- 0.0
- 0.0
- 0.0
- 0.0
- 0.0
angular_velocity:
  x: 5.316843988459495
  y: 1.2447639175896126
  z: -5.6154086742051
angular_velocity_covariance:
- 4.0e-08
- 0.0
- 0.0
- 0.0
- 4.0e-08
- 0.0
- 0.0
- 0.0
- 4.0e-08
linear_acceleration:
  x: -5.94721370653764
  y: 2.505106950075427
  z: 8.517854834302268
linear_acceleration_covariance:
- 0.00028900000000000003
- 0.0
- 0.0
- 0.0
- 0.00028900000000000003
- 0.0
- 0.0
- 0.0
- 0.00028900000000000003
---
